<?xml version="1.0" encoding="UTF-8"?>
<testng-results skipped="0" failed="1" ignored="1" total="5" passed="3">
  <reporter-output>
  </reporter-output>
  <suite name="TTech Regression" duration-ms="1992" started-at="2021-03-15T20:31:13 EDT" finished-at="2021-03-15T20:31:15 EDT">
    <groups>
    </groups>
    <test name="TalentTech API Test" duration-ms="1992" started-at="2021-03-15T20:31:13 EDT" finished-at="2021-03-15T20:31:15 EDT">
      <class name="TalentTek.TTechPutPatchTest">
        <test-method status="PASS" signature="studentLogin()[pri:0, instance:TalentTek.TTechPutPatchTest@2cdd0d4b]" name="studentLogin" duration-ms="98" started-at="2021-03-15T20:31:15 EDT" finished-at="2021-03-15T20:31:15 EDT">
          <reporter-output>
          </reporter-output>
        </test-method> <!-- studentLogin -->
        <test-method status="FAIL" signature="studentPutTTech()[pri:0, instance:TalentTek.TTechPutPatchTest@2cdd0d4b]" name="studentPutTTech" duration-ms="62" started-at="2021-03-15T20:31:15 EDT" depends-on-methods="TalentTek.TTechPutPatchTest.studentLogin" finished-at="2021-03-15T20:31:15 EDT">
          <exception class="java.lang.AssertionError">
            <message>
              <![CDATA[expected [2001] but found [200]]]>
            </message>
            <full-stacktrace>
              <![CDATA[java.lang.AssertionError: expected [2001] but found [200]
at org.testng.Assert.fail(Assert.java:99)
at org.testng.Assert.failNotEquals(Assert.java:1037)
at org.testng.Assert.assertEqualsImpl(Assert.java:140)
at org.testng.Assert.assertEquals(Assert.java:122)
at org.testng.Assert.assertEquals(Assert.java:907)
at org.testng.Assert.assertEquals(Assert.java:917)
at TalentTek.TTechPutPatchTest.studentPutTTech(TTechPutPatchTest.java:26)
at sun.reflect.NativeMethodAccessorImpl.invoke0(Native Method)
at sun.reflect.NativeMethodAccessorImpl.invoke(NativeMethodAccessorImpl.java:62)
at sun.reflect.DelegatingMethodAccessorImpl.invoke(DelegatingMethodAccessorImpl.java:43)
at java.lang.reflect.Method.invoke(Method.java:498)
at org.testng.internal.MethodInvocationHelper.invokeMethod(MethodInvocationHelper.java:133)
at org.testng.internal.TestInvoker.invokeMethod(TestInvoker.java:598)
at org.testng.internal.TestInvoker.invokeTestMethod(TestInvoker.java:173)
at org.testng.internal.MethodRunner.runInSequence(MethodRunner.java:46)
at org.testng.internal.TestInvoker$MethodInvocationAgent.invoke(TestInvoker.java:824)
at org.testng.internal.TestInvoker.invokeTestMethods(TestInvoker.java:146)
at org.testng.internal.TestMethodWorker.invokeTestMethods(TestMethodWorker.java:146)
at org.testng.internal.TestMethodWorker.run(TestMethodWorker.java:128)
at java.util.ArrayList.forEach(ArrayList.java:1259)
at org.testng.TestRunner.privateRun(TestRunner.java:794)
at org.testng.TestRunner.run(TestRunner.java:596)
at org.testng.SuiteRunner.runTest(SuiteRunner.java:377)
at org.testng.SuiteRunner.runSequentially(SuiteRunner.java:371)
at org.testng.SuiteRunner.privateRun(SuiteRunner.java:332)
at org.testng.SuiteRunner.run(SuiteRunner.java:276)
at org.testng.SuiteRunnerWorker.runSuite(SuiteRunnerWorker.java:53)
at org.testng.SuiteRunnerWorker.run(SuiteRunnerWorker.java:96)
at org.testng.TestNG.runSuitesSequentially(TestNG.java:1212)
at org.testng.TestNG.runSuitesLocally(TestNG.java:1134)
at org.testng.TestNG.runSuites(TestNG.java:1063)
at org.testng.TestNG.run(TestNG.java:1031)
at org.apache.maven.surefire.testng.TestNGExecutor.run(TestNGExecutor.java:283)
at org.apache.maven.surefire.testng.TestNGXmlTestSuite.execute(TestNGXmlTestSuite.java:75)
at org.apache.maven.surefire.testng.TestNGProvider.invoke(TestNGProvider.java:120)
at org.apache.maven.surefire.booter.ForkedBooter.runSuitesInProcess(ForkedBooter.java:377)
at org.apache.maven.surefire.booter.ForkedBooter.execute(ForkedBooter.java:138)
at org.apache.maven.surefire.booter.ForkedBooter.run(ForkedBooter.java:465)
at org.apache.maven.surefire.booter.ForkedBooter.main(ForkedBooter.java:451)
]]>
            </full-stacktrace>
          </exception> <!-- java.lang.AssertionError -->
          <reporter-output>
          </reporter-output>
        </test-method> <!-- studentPutTTech -->
      </class> <!-- TalentTek.TTechPutPatchTest -->
      <class name="TalentTek.TTechPostGetTest">
        <test-method status="PASS" signature="setCache()[pri:0, instance:TalentTek.TTechPostGetTest@78ffe6dc]" name="setCache" is-config="true" duration-ms="4" started-at="2021-03-15T20:31:13 EDT" finished-at="2021-03-15T20:31:13 EDT">
          <reporter-output>
          </reporter-output>
        </test-method> <!-- setCache -->
        <test-method status="PASS" signature="signUpTTech()[pri:0, instance:TalentTek.TTechPostGetTest@78ffe6dc]" name="signUpTTech" duration-ms="1696" started-at="2021-03-15T20:31:13 EDT" finished-at="2021-03-15T20:31:15 EDT">
          <reporter-output>
          </reporter-output>
        </test-method> <!-- signUpTTech -->
        <test-method status="PASS" signature="getStudentInfo()[pri:0, instance:TalentTek.TTechPostGetTest@78ffe6dc]" name="getStudentInfo" duration-ms="114" started-at="2021-03-15T20:31:15 EDT" depends-on-methods="TalentTek.TTechPostGetTest.signUpTTech" finished-at="2021-03-15T20:31:15 EDT">
          <reporter-output>
          </reporter-output>
        </test-method> <!-- getStudentInfo -->
      </class> <!-- TalentTek.TTechPostGetTest -->
    </test> <!-- TalentTech API Test -->
  </suite> <!-- TTech Regression -->
</testng-results>
